WORD:
is_a 2311
of_the 2085
in_the 1545
is_the 875
to_the 557
of_a 454
is_an 450
and_the 438
on_the 432
was_a 362
from_the 337
known_as 324
by_the 274
greek_mythology 269
in_greek 268
for_the 260
with_the 259
as_a 258
was_the 240
one_of 234
at_the 229
to_be 223
in_a 210
as_the 205
with_a 187
also_known 184
it_is 164
that_the 154
to_a 147
such_as 146
that_is 134
the_capital 129
and_a 124
city_of 123
it_was 120
in_which 119
are_a 117
part_of 112
a_city 110
son_of 108
the_first 108
the_name 104
for_a 102
ancient_greek 99
of_an 97
the_united 95
has_been 95
was_an 93
can_be 92
name_of 92

POS:
DT_NN 13116
NN_IN 12801
JJ_NN 10720
IN_DT 10368
NN_NN 9297
DT_JJ 6703
IN_NN 6672
NN_CC 4741
VBZ_DT 4199
NN_VBZ 3838
IN_JJ 3604
VBN_IN 3421
JJ_NNS 3256
NNS_IN 3222
CC_NN 2398
JJ_JJ 2207
TO_VB 2059
NN_NNS 2030
IN_NNS 1748
NN_VBD 1693
DT_NNS 1584
NN_JJ 1551
NNS_CC 1548
NN_RB 1465
NN_VBN 1461
CC_JJ 1422
RB_VBN 1330
VBD_DT 1280
PRP_VBD 1226
RB_IN 1172
JJ_IN 1166
IN_CD 1154
MD_VB 1061
NN_DT 996
JJ_CC 980
IN_PRP 962
CC_DT 952
NN_WDT 941
PRP$_NN 920
VB_DT 898
IN_PRP$ 882
RB_JJ 831
NN_VBG 798
IN_VBG 796
CD_NN 788
NNS_NN 761
CC_NNS 734
VBD_IN 731
PRP_VBP 704
VBN_NN 694
