WORD:
in_greek_mythology 260
one_of_the 182
also_known_as 173
is_the_capital 106
is_a_city 97
the_name_of 79
is_one_of 75
part_of_the 68
known_as_the 67
the_united_states 66
is_a_genus 63
a_genus_of 61
in_norse_mythology 61
a_type_of 58
as_well_as 58
in_the_united 54
the_republic_of 53
the_capital_and 51
a_city_in 51
is_the_name 50
and_atomic_number 47
element_with_symbol 46
a_group_of 45
the_son_of 45
chemical_element_with 45
of_flowering_plants 44
from_the_greek 44
largest_city_of 44
is_a_type 43
located_in_the 43
the_capital_of 43
is_a_chemical 42
a_family_of 41
is_a_fictional 41
a_chemical_element 40
referred_to_as 38
is_an_american 38
is_a_town 38
in_the_family 37
capital_and_largest 36
in_which_the 36
officially_the_republic 36
or_is_a 35
the_end_of 35
commonly_known_as 35
the_province_of 35
is_a_small 34
a_number_of 34
and_largest_city 34
is_a_large 33

POS:
IN_DT_NN 5614
DT_NN_IN 5058
DT_JJ_NN 4668
NN_IN_DT 4575
NN_IN_NN 3555
IN_DT_JJ 3041
JJ_NN_IN 2982
NN_VBZ_DT 2674
VBZ_DT_NN 2340
DT_NN_NN 2113
NN_NN_NN 2047
JJ_NN_NN 1976
IN_JJ_NN 1856
NN_CC_NN 1854
NN_IN_JJ 1594
NN_NN_IN 1503
VBZ_DT_JJ 1495
VBN_IN_DT 1386
JJ_JJ_NN 1255
IN_NN_NN 1246
NNS_IN_DT 1175
IN_NN_IN 1141
NN_NN_CC 1047
DT_NN_CC 1025
NN_VBN_IN 1022
JJ_NNS_IN 897
JJ_NN_CC 896
DT_NN_VBZ 893
IN_JJ_NNS 877
NN_IN_NNS 870
IN_NN_CC 868
DT_JJ_JJ 858
IN_DT_NNS 830
NNS_IN_NN 776
VBN_IN_NN 764
RB_VBN_IN 727
CC_JJ_NN 690
NN_JJ_NN 685
VBD_DT_NN 656
NN_NN_VBZ 640
DT_JJ_NNS 602
NN_CC_DT 595
NN_DT_NN 593
NN_CC_JJ 571
NN_WDT_VBZ 570
CC_NN_IN 547
NN_VBD_DT 545
DT_NNS_IN 529
NN_TO_VB 524
JJ_CC_JJ 520
